2019-05-29T14:22:33+00:00 CRITICAL Uncaught RuntimeException: Error saving action: Unable to save action. in /storage/ssd1/970/1659970/public_html/wp-content/plugins/woocommerce/includes/libraries/action-scheduler/classes/ActionScheduler_wpPostStore.php:33
Stack trace:
#0 /storage/ssd1/970/1659970/public_html/wp-content/plugins/woocommerce/includes/libraries/action-scheduler/classes/ActionScheduler_ActionFactory.php(109): ActionScheduler_wpPostStore->save_action(Object(ActionScheduler_Action))
#1 /storage/ssd1/970/1659970/public_html/wp-content/plugins/woocommerce/includes/libraries/action-scheduler/classes/ActionScheduler_ActionFactory.php(78): ActionScheduler_ActionFactory->store(Object(ActionScheduler_Action))
#2 /storage/ssd1/970/1659970/public_html/wp-content/plugins/woocommerce/includes/libraries/action-scheduler/functions.php(33): ActionScheduler_ActionFactory->recurring('wc_admin_unsnoo...', Array, 1559139752, 3600, 'wc-admin-notes')
#3 /storage/ssd1/970/1659970/public_html/wp-content/plugins/woocommerce/includes/queue/class-wc-action-, em /storage/ssd1/970/1659970/public_html/wp-content/plugins/woocommerce/includes/libraries/action-scheduler/classes/ActionScheduler_wpPostStore.php, na linha 33

2019-05-29T18:00:38+00:00 CRITICAL Uncaught Error: Class 'Elementor\Tools' not found in E:\Sites\htdocs\rafa-andrade\wp-content\plugins\elementor\core\debug\inspector.php:31
Stack trace:
#0 E:\Sites\htdocs\rafa-andrade\wp-content\plugins\elementor\includes\plugin.php(500): Elementor\Core\Debug\Inspector->__construct()
#1 E:\Sites\htdocs\rafa-andrade\wp-content\plugins\elementor\includes\plugin.php(465): Elementor\Plugin->init_components()
#2 E:\Sites\htdocs\rafa-andrade\wp-includes\class-wp-hook.php(286): Elementor\Plugin->init('')
#3 E:\Sites\htdocs\rafa-andrade\wp-includes\class-wp-hook.php(310): WP_Hook->apply_filters(NULL, Array)
#4 E:\Sites\htdocs\rafa-andrade\wp-includes\plugin.php(465): WP_Hook->do_action(Array)
#5 E:\Sites\htdocs\rafa-andrade\wp-settings.php(525): do_action('init')
#6 E:\Sites\htdocs\rafa-andrade\wp-config.php(103): require_once('E:\\Sites\\htdocs...')
#7 E:\Sites\htdocs\rafa-andrade\wp-load.php(37): require_once('E:\\Sites\\htdocs...')
#8 E:\Sites\htdocs\rafa-andrade\wp-blog-header.php(13): require_once('E:\\Sites\\ht, em E:\Sites\htdocs\rafa-andrade\wp-content\plugins\elementor\core\debug\inspector.php, na linha 31

2019-05-29T18:01:36+00:00 CRITICAL Uncaught Error: Class 'Elementor\Tools' not found in E:\Sites\htdocs\rafa-andrade\wp-content\plugins\elementor\core\debug\inspector.php:31
Stack trace:
#0 E:\Sites\htdocs\rafa-andrade\wp-content\plugins\elementor\includes\plugin.php(500): Elementor\Core\Debug\Inspector->__construct()
#1 E:\Sites\htdocs\rafa-andrade\wp-content\plugins\elementor\includes\plugin.php(465): Elementor\Plugin->init_components()
#2 E:\Sites\htdocs\rafa-andrade\wp-includes\class-wp-hook.php(286): Elementor\Plugin->init('')
#3 E:\Sites\htdocs\rafa-andrade\wp-includes\class-wp-hook.php(310): WP_Hook->apply_filters(NULL, Array)
#4 E:\Sites\htdocs\rafa-andrade\wp-includes\plugin.php(465): WP_Hook->do_action(Array)
#5 E:\Sites\htdocs\rafa-andrade\wp-settings.php(525): do_action('init')
#6 E:\Sites\htdocs\rafa-andrade\wp-config.php(103): require_once('E:\\Sites\\htdocs...')
#7 E:\Sites\htdocs\rafa-andrade\wp-load.php(37): require_once('E:\\Sites\\htdocs...')
#8 E:\Sites\htdocs\rafa-andrade\wp-blog-header.php(13): require_once('E:\\Sites\\ht, em E:\Sites\htdocs\rafa-andrade\wp-content\plugins\elementor\core\debug\inspector.php, na linha 31

2019-05-29T18:09:39+00:00 CRITICAL Uncaught Error: Class 'Elementor\Tools' not found in E:\Sites\htdocs\rafa-andrade\wp-content\plugins\elementor\core\debug\inspector.php:31
Stack trace:
#0 E:\Sites\htdocs\rafa-andrade\wp-content\plugins\elementor\includes\plugin.php(500): Elementor\Core\Debug\Inspector->__construct()
#1 E:\Sites\htdocs\rafa-andrade\wp-content\plugins\elementor\includes\plugin.php(465): Elementor\Plugin->init_components()
#2 E:\Sites\htdocs\rafa-andrade\wp-includes\class-wp-hook.php(286): Elementor\Plugin->init('')
#3 E:\Sites\htdocs\rafa-andrade\wp-includes\class-wp-hook.php(310): WP_Hook->apply_filters(NULL, Array)
#4 E:\Sites\htdocs\rafa-andrade\wp-includes\plugin.php(465): WP_Hook->do_action(Array)
#5 E:\Sites\htdocs\rafa-andrade\wp-settings.php(525): do_action('init')
#6 E:\Sites\htdocs\rafa-andrade\wp-config.php(103): require_once('E:\\Sites\\htdocs...')
#7 E:\Sites\htdocs\rafa-andrade\wp-load.php(37): require_once('E:\\Sites\\htdocs...')
#8 E:\Sites\htdocs\rafa-andrade\wp-blog-header.php(13): require_once('E:\\Sites\\ht, em E:\Sites\htdocs\rafa-andrade\wp-content\plugins\elementor\core\debug\inspector.php, na linha 31

